<?xml version="1.0" encoding="UTF-8"?>
<testsuite xmlns:xsi="http://www.w3.org/2001/XMLSchema-instance" xsi:noNamespaceSchemaLocation="https://maven.apache.org/surefire/maven-surefire-plugin/xsd/surefire-test-report.xsd" name="com.ams.userapis.MsSpringbootMongodbUserServiceApplicationTests" time="7.004" tests="1" errors="0" skipped="0" failures="0">
  <properties>
    <property name="sun.desktop" value="windows"/>
    <property name="awt.toolkit" value="sun.awt.windows.WToolkit"/>
    <property name="java.specification.version" value="11"/>
    <property name="sun.cpu.isalist" value="amd64"/>
    <property name="sun.jnu.encoding" value="Cp1252"/>
    <property name="java.class.path" value="E:\amsworkspaces\ms-springboot-mongodb-userService\target\test-classes;E:\amsworkspaces\ms-springboot-mongodb-userService\target\classes;C:\Users\amrut\.m2\repository\org\springframework\boot\spring-boot-starter-data-mongodb\2.1.2.RELEASE\spring-boot-starter-data-mongodb-2.1.2.RELEASE.jar;C:\Users\amrut\.m2\repository\org\springframework\boot\spring-boot-starter\2.1.2.RELEASE\spring-boot-starter-2.1.2.RELEASE.jar;C:\Users\amrut\.m2\repository\org\springframework\boot\spring-boot-starter-logging\2.1.2.RELEASE\spring-boot-starter-logging-2.1.2.RELEASE.jar;C:\Users\amrut\.m2\repository\ch\qos\logback\logback-classic\1.2.3\logback-classic-1.2.3.jar;C:\Users\amrut\.m2\repository\ch\qos\logback\logback-core\1.2.3\logback-core-1.2.3.jar;C:\Users\amrut\.m2\repository\org\apache\logging\log4j\log4j-to-slf4j\2.11.1\log4j-to-slf4j-2.11.1.jar;C:\Users\amrut\.m2\repository\org\apache\logging\log4j\log4j-api\2.11.1\log4j-api-2.11.1.jar;C:\Users\amrut\.m2\repository\org\slf4j\jul-to-slf4j\1.7.25\jul-to-slf4j-1.7.25.jar;C:\Users\amrut\.m2\repository\javax\annotation\javax.annotation-api\1.3.2\javax.annotation-api-1.3.2.jar;C:\Users\amrut\.m2\repository\org\yaml\snakeyaml\1.23\snakeyaml-1.23.jar;C:\Users\amrut\.m2\repository\org\mongodb\mongodb-driver\3.8.2\mongodb-driver-3.8.2.jar;C:\Users\amrut\.m2\repository\org\mongodb\bson\3.8.2\bson-3.8.2.jar;C:\Users\amrut\.m2\repository\org\mongodb\mongodb-driver-core\3.8.2\mongodb-driver-core-3.8.2.jar;C:\Users\amrut\.m2\repository\org\springframework\data\spring-data-mongodb\2.1.4.RELEASE\spring-data-mongodb-2.1.4.RELEASE.jar;C:\Users\amrut\.m2\repository\org\springframework\spring-tx\5.1.4.RELEASE\spring-tx-5.1.4.RELEASE.jar;C:\Users\amrut\.m2\repository\org\springframework\spring-context\5.1.4.RELEASE\spring-context-5.1.4.RELEASE.jar;C:\Users\amrut\.m2\repository\org\springframework\spring-beans\5.1.4.RELEASE\spring-beans-5.1.4.RELEASE.jar;C:\Users\amrut\.m2\repository\org\springframework\spring-expression\5.1.4.RELEASE\spring-expression-5.1.4.RELEASE.jar;C:\Users\amrut\.m2\repository\org\springframework\data\spring-data-commons\2.1.4.RELEASE\spring-data-commons-2.1.4.RELEASE.jar;C:\Users\amrut\.m2\repository\org\slf4j\slf4j-api\1.7.25\slf4j-api-1.7.25.jar;C:\Users\amrut\.m2\repository\org\springframework\boot\spring-boot-starter-web\2.1.2.RELEASE\spring-boot-starter-web-2.1.2.RELEASE.jar;C:\Users\amrut\.m2\repository\org\springframework\boot\spring-boot-starter-json\2.1.2.RELEASE\spring-boot-starter-json-2.1.2.RELEASE.jar;C:\Users\amrut\.m2\repository\com\fasterxml\jackson\core\jackson-databind\2.9.8\jackson-databind-2.9.8.jar;C:\Users\amrut\.m2\repository\com\fasterxml\jackson\core\jackson-annotations\2.9.0\jackson-annotations-2.9.0.jar;C:\Users\amrut\.m2\repository\com\fasterxml\jackson\core\jackson-core\2.9.8\jackson-core-2.9.8.jar;C:\Users\amrut\.m2\repository\com\fasterxml\jackson\datatype\jackson-datatype-jdk8\2.9.8\jackson-datatype-jdk8-2.9.8.jar;C:\Users\amrut\.m2\repository\com\fasterxml\jackson\datatype\jackson-datatype-jsr310\2.9.8\jackson-datatype-jsr310-2.9.8.jar;C:\Users\amrut\.m2\repository\com\fasterxml\jackson\module\jackson-module-parameter-names\2.9.8\jackson-module-parameter-names-2.9.8.jar;C:\Users\amrut\.m2\repository\org\springframework\boot\spring-boot-starter-tomcat\2.1.2.RELEASE\spring-boot-starter-tomcat-2.1.2.RELEASE.jar;C:\Users\amrut\.m2\repository\org\apache\tomcat\embed\tomcat-embed-core\9.0.14\tomcat-embed-core-9.0.14.jar;C:\Users\amrut\.m2\repository\org\apache\tomcat\embed\tomcat-embed-el\9.0.14\tomcat-embed-el-9.0.14.jar;C:\Users\amrut\.m2\repository\org\apache\tomcat\embed\tomcat-embed-websocket\9.0.14\tomcat-embed-websocket-9.0.14.jar;C:\Users\amrut\.m2\repository\org\hibernate\validator\hibernate-validator\6.0.14.Final\hibernate-validator-6.0.14.Final.jar;C:\Users\amrut\.m2\repository\javax\validation\validation-api\2.0.1.Final\validation-api-2.0.1.Final.jar;C:\Users\amrut\.m2\repository\org\jboss\logging\jboss-logging\3.3.2.Final\jboss-logging-3.3.2.Final.jar;C:\Users\amrut\.m2\repository\com\fasterxml\classmate\1.4.0\classmate-1.4.0.jar;C:\Users\amrut\.m2\repository\org\springframework\spring-web\5.1.4.RELEASE\spring-web-5.1.4.RELEASE.jar;C:\Users\amrut\.m2\repository\org\springframework\spring-webmvc\5.1.4.RELEASE\spring-webmvc-5.1.4.RELEASE.jar;C:\Users\amrut\.m2\repository\org\springframework\spring-aop\5.1.4.RELEASE\spring-aop-5.1.4.RELEASE.jar;C:\Users\amrut\.m2\repository\org\springframework\boot\spring-boot-devtools\2.1.2.RELEASE\spring-boot-devtools-2.1.2.RELEASE.jar;C:\Users\amrut\.m2\repository\org\springframework\boot\spring-boot\2.1.2.RELEASE\spring-boot-2.1.2.RELEASE.jar;C:\Users\amrut\.m2\repository\org\springframework\boot\spring-boot-autoconfigure\2.1.2.RELEASE\spring-boot-autoconfigure-2.1.2.RELEASE.jar;C:\Users\amrut\.m2\repository\org\springframework\boot\spring-boot-starter-test\2.1.2.RELEASE\spring-boot-starter-test-2.1.2.RELEASE.jar;C:\Users\amrut\.m2\repository\org\springframework\boot\spring-boot-test\2.1.2.RELEASE\spring-boot-test-2.1.2.RELEASE.jar;C:\Users\amrut\.m2\repository\org\springframework\boot\spring-boot-test-autoconfigure\2.1.2.RELEASE\spring-boot-test-autoconfigure-2.1.2.RELEASE.jar;C:\Users\amrut\.m2\repository\com\jayway\jsonpath\json-path\2.4.0\json-path-2.4.0.jar;C:\Users\amrut\.m2\repository\net\minidev\json-smart\2.3\json-smart-2.3.jar;C:\Users\amrut\.m2\repository\net\minidev\accessors-smart\1.2\accessors-smart-1.2.jar;C:\Users\amrut\.m2\repository\org\ow2\asm\asm\5.0.4\asm-5.0.4.jar;C:\Users\amrut\.m2\repository\junit\junit\4.12\junit-4.12.jar;C:\Users\amrut\.m2\repository\org\assertj\assertj-core\3.11.1\assertj-core-3.11.1.jar;C:\Users\amrut\.m2\repository\org\mockito\mockito-core\2.23.4\mockito-core-2.23.4.jar;C:\Users\amrut\.m2\repository\net\bytebuddy\byte-buddy\1.9.7\byte-buddy-1.9.7.jar;C:\Users\amrut\.m2\repository\net\bytebuddy\byte-buddy-agent\1.9.7\byte-buddy-agent-1.9.7.jar;C:\Users\amrut\.m2\repository\org\objenesis\objenesis\2.6\objenesis-2.6.jar;C:\Users\amrut\.m2\repository\org\hamcrest\hamcrest-core\1.3\hamcrest-core-1.3.jar;C:\Users\amrut\.m2\repository\org\hamcrest\hamcrest-library\1.3\hamcrest-library-1.3.jar;C:\Users\amrut\.m2\repository\org\skyscreamer\jsonassert\1.5.0\jsonassert-1.5.0.jar;C:\Users\amrut\.m2\repository\com\vaadin\external\google\android-json\0.0.20131108.vaadin1\android-json-0.0.20131108.vaadin1.jar;C:\Users\amrut\.m2\repository\org\springframework\spring-core\5.1.4.RELEASE\spring-core-5.1.4.RELEASE.jar;C:\Users\amrut\.m2\repository\org\springframework\spring-jcl\5.1.4.RELEASE\spring-jcl-5.1.4.RELEASE.jar;C:\Users\amrut\.m2\repository\org\springframework\spring-test\5.1.4.RELEASE\spring-test-5.1.4.RELEASE.jar;C:\Users\amrut\.m2\repository\org\xmlunit\xmlunit-core\2.6.2\xmlunit-core-2.6.2.jar;C:\Users\amrut\.m2\repository\javax\xml\bind\jaxb-api\2.3.1\jaxb-api-2.3.1.jar;C:\Users\amrut\.m2\repository\javax\activation\javax.activation-api\1.2.0\javax.activation-api-1.2.0.jar;"/>
    <property name="java.vm.vendor" value="Oracle Corporation"/>
    <property name="sun.arch.data.model" value="64"/>
    <property name="user.variant" value=""/>
    <property name="java.vendor.url" value="http://java.oracle.com/"/>
    <property name="user.timezone" value="Asia/Calcutta"/>
    <property name="java.vm.specification.version" value="11"/>
    <property name="os.name" value="Windows 10"/>
    <property name="sun.java.launcher" value="SUN_STANDARD"/>
    <property name="user.country" value="US"/>
    <property name="sun.boot.library.path" value="C:\Program Files\Java\jdk-11.0.2\bin"/>
    <property name="sun.java.command" value="C:\Users\amrut\AppData\Local\Temp\surefire8766608914243577946\surefirebooter1339977601888341467.jar C:\Users\amrut\AppData\Local\Temp\surefire8766608914243577946 2020-01-21T13-36-29_121-jvmRun1 surefire993742531419783240tmp surefire_013229108925035325207tmp"/>
    <property name="jdk.debug" value="release"/>
    <property name="surefire.test.class.path" value="E:\amsworkspaces\ms-springboot-mongodb-userService\target\test-classes;E:\amsworkspaces\ms-springboot-mongodb-userService\target\classes;C:\Users\amrut\.m2\repository\org\springframework\boot\spring-boot-starter-data-mongodb\2.1.2.RELEASE\spring-boot-starter-data-mongodb-2.1.2.RELEASE.jar;C:\Users\amrut\.m2\repository\org\springframework\boot\spring-boot-starter\2.1.2.RELEASE\spring-boot-starter-2.1.2.RELEASE.jar;C:\Users\amrut\.m2\repository\org\springframework\boot\spring-boot-starter-logging\2.1.2.RELEASE\spring-boot-starter-logging-2.1.2.RELEASE.jar;C:\Users\amrut\.m2\repository\ch\qos\logback\logback-classic\1.2.3\logback-classic-1.2.3.jar;C:\Users\amrut\.m2\repository\ch\qos\logback\logback-core\1.2.3\logback-core-1.2.3.jar;C:\Users\amrut\.m2\repository\org\apache\logging\log4j\log4j-to-slf4j\2.11.1\log4j-to-slf4j-2.11.1.jar;C:\Users\amrut\.m2\repository\org\apache\logging\log4j\log4j-api\2.11.1\log4j-api-2.11.1.jar;C:\Users\amrut\.m2\repository\org\slf4j\jul-to-slf4j\1.7.25\jul-to-slf4j-1.7.25.jar;C:\Users\amrut\.m2\repository\javax\annotation\javax.annotation-api\1.3.2\javax.annotation-api-1.3.2.jar;C:\Users\amrut\.m2\repository\org\yaml\snakeyaml\1.23\snakeyaml-1.23.jar;C:\Users\amrut\.m2\repository\org\mongodb\mongodb-driver\3.8.2\mongodb-driver-3.8.2.jar;C:\Users\amrut\.m2\repository\org\mongodb\bson\3.8.2\bson-3.8.2.jar;C:\Users\amrut\.m2\repository\org\mongodb\mongodb-driver-core\3.8.2\mongodb-driver-core-3.8.2.jar;C:\Users\amrut\.m2\repository\org\springframework\data\spring-data-mongodb\2.1.4.RELEASE\spring-data-mongodb-2.1.4.RELEASE.jar;C:\Users\amrut\.m2\repository\org\springframework\spring-tx\5.1.4.RELEASE\spring-tx-5.1.4.RELEASE.jar;C:\Users\amrut\.m2\repository\org\springframework\spring-context\5.1.4.RELEASE\spring-context-5.1.4.RELEASE.jar;C:\Users\amrut\.m2\repository\org\springframework\spring-beans\5.1.4.RELEASE\spring-beans-5.1.4.RELEASE.jar;C:\Users\amrut\.m2\repository\org\springframework\spring-expression\5.1.4.RELEASE\spring-expression-5.1.4.RELEASE.jar;C:\Users\amrut\.m2\repository\org\springframework\data\spring-data-commons\2.1.4.RELEASE\spring-data-commons-2.1.4.RELEASE.jar;C:\Users\amrut\.m2\repository\org\slf4j\slf4j-api\1.7.25\slf4j-api-1.7.25.jar;C:\Users\amrut\.m2\repository\org\springframework\boot\spring-boot-starter-web\2.1.2.RELEASE\spring-boot-starter-web-2.1.2.RELEASE.jar;C:\Users\amrut\.m2\repository\org\springframework\boot\spring-boot-starter-json\2.1.2.RELEASE\spring-boot-starter-json-2.1.2.RELEASE.jar;C:\Users\amrut\.m2\repository\com\fasterxml\jackson\core\jackson-databind\2.9.8\jackson-databind-2.9.8.jar;C:\Users\amrut\.m2\repository\com\fasterxml\jackson\core\jackson-annotations\2.9.0\jackson-annotations-2.9.0.jar;C:\Users\amrut\.m2\repository\com\fasterxml\jackson\core\jackson-core\2.9.8\jackson-core-2.9.8.jar;C:\Users\amrut\.m2\repository\com\fasterxml\jackson\datatype\jackson-datatype-jdk8\2.9.8\jackson-datatype-jdk8-2.9.8.jar;C:\Users\amrut\.m2\repository\com\fasterxml\jackson\datatype\jackson-datatype-jsr310\2.9.8\jackson-datatype-jsr310-2.9.8.jar;C:\Users\amrut\.m2\repository\com\fasterxml\jackson\module\jackson-module-parameter-names\2.9.8\jackson-module-parameter-names-2.9.8.jar;C:\Users\amrut\.m2\repository\org\springframework\boot\spring-boot-starter-tomcat\2.1.2.RELEASE\spring-boot-starter-tomcat-2.1.2.RELEASE.jar;C:\Users\amrut\.m2\repository\org\apache\tomcat\embed\tomcat-embed-core\9.0.14\tomcat-embed-core-9.0.14.jar;C:\Users\amrut\.m2\repository\org\apache\tomcat\embed\tomcat-embed-el\9.0.14\tomcat-embed-el-9.0.14.jar;C:\Users\amrut\.m2\repository\org\apache\tomcat\embed\tomcat-embed-websocket\9.0.14\tomcat-embed-websocket-9.0.14.jar;C:\Users\amrut\.m2\repository\org\hibernate\validator\hibernate-validator\6.0.14.Final\hibernate-validator-6.0.14.Final.jar;C:\Users\amrut\.m2\repository\javax\validation\validation-api\2.0.1.Final\validation-api-2.0.1.Final.jar;C:\Users\amrut\.m2\repository\org\jboss\logging\jboss-logging\3.3.2.Final\jboss-logging-3.3.2.Final.jar;C:\Users\amrut\.m2\repository\com\fasterxml\classmate\1.4.0\classmate-1.4.0.jar;C:\Users\amrut\.m2\repository\org\springframework\spring-web\5.1.4.RELEASE\spring-web-5.1.4.RELEASE.jar;C:\Users\amrut\.m2\repository\org\springframework\spring-webmvc\5.1.4.RELEASE\spring-webmvc-5.1.4.RELEASE.jar;C:\Users\amrut\.m2\repository\org\springframework\spring-aop\5.1.4.RELEASE\spring-aop-5.1.4.RELEASE.jar;C:\Users\amrut\.m2\repository\org\springframework\boot\spring-boot-devtools\2.1.2.RELEASE\spring-boot-devtools-2.1.2.RELEASE.jar;C:\Users\amrut\.m2\repository\org\springframework\boot\spring-boot\2.1.2.RELEASE\spring-boot-2.1.2.RELEASE.jar;C:\Users\amrut\.m2\repository\org\springframework\boot\spring-boot-autoconfigure\2.1.2.RELEASE\spring-boot-autoconfigure-2.1.2.RELEASE.jar;C:\Users\amrut\.m2\repository\org\springframework\boot\spring-boot-starter-test\2.1.2.RELEASE\spring-boot-starter-test-2.1.2.RELEASE.jar;C:\Users\amrut\.m2\repository\org\springframework\boot\spring-boot-test\2.1.2.RELEASE\spring-boot-test-2.1.2.RELEASE.jar;C:\Users\amrut\.m2\repository\org\springframework\boot\spring-boot-test-autoconfigure\2.1.2.RELEASE\spring-boot-test-autoconfigure-2.1.2.RELEASE.jar;C:\Users\amrut\.m2\repository\com\jayway\jsonpath\json-path\2.4.0\json-path-2.4.0.jar;C:\Users\amrut\.m2\repository\net\minidev\json-smart\2.3\json-smart-2.3.jar;C:\Users\amrut\.m2\repository\net\minidev\accessors-smart\1.2\accessors-smart-1.2.jar;C:\Users\amrut\.m2\repository\org\ow2\asm\asm\5.0.4\asm-5.0.4.jar;C:\Users\amrut\.m2\repository\junit\junit\4.12\junit-4.12.jar;C:\Users\amrut\.m2\repository\org\assertj\assertj-core\3.11.1\assertj-core-3.11.1.jar;C:\Users\amrut\.m2\repository\org\mockito\mockito-core\2.23.4\mockito-core-2.23.4.jar;C:\Users\amrut\.m2\repository\net\bytebuddy\byte-buddy\1.9.7\byte-buddy-1.9.7.jar;C:\Users\amrut\.m2\repository\net\bytebuddy\byte-buddy-agent\1.9.7\byte-buddy-agent-1.9.7.jar;C:\Users\amrut\.m2\repository\org\objenesis\objenesis\2.6\objenesis-2.6.jar;C:\Users\amrut\.m2\repository\org\hamcrest\hamcrest-core\1.3\hamcrest-core-1.3.jar;C:\Users\amrut\.m2\repository\org\hamcrest\hamcrest-library\1.3\hamcrest-library-1.3.jar;C:\Users\amrut\.m2\repository\org\skyscreamer\jsonassert\1.5.0\jsonassert-1.5.0.jar;C:\Users\amrut\.m2\repository\com\vaadin\external\google\android-json\0.0.20131108.vaadin1\android-json-0.0.20131108.vaadin1.jar;C:\Users\amrut\.m2\repository\org\springframework\spring-core\5.1.4.RELEASE\spring-core-5.1.4.RELEASE.jar;C:\Users\amrut\.m2\repository\org\springframework\spring-jcl\5.1.4.RELEASE\spring-jcl-5.1.4.RELEASE.jar;C:\Users\amrut\.m2\repository\org\springframework\spring-test\5.1.4.RELEASE\spring-test-5.1.4.RELEASE.jar;C:\Users\amrut\.m2\repository\org\xmlunit\xmlunit-core\2.6.2\xmlunit-core-2.6.2.jar;C:\Users\amrut\.m2\repository\javax\xml\bind\jaxb-api\2.3.1\jaxb-api-2.3.1.jar;C:\Users\amrut\.m2\repository\javax\activation\javax.activation-api\1.2.0\javax.activation-api-1.2.0.jar;"/>
    <property name="sun.cpu.endian" value="little"/>
    <property name="user.home" value="C:\Users\amrut"/>
    <property name="user.language" value="en"/>
    <property name="java.specification.vendor" value="Oracle Corporation"/>
    <property name="java.version.date" value="2019-01-15"/>
    <property name="java.home" value="C:\Program Files\Java\jdk-11.0.2"/>
    <property name="file.separator" value="\"/>
    <property name="basedir" value="E:\amsworkspaces\ms-springboot-mongodb-userService"/>
    <property name="java.vm.compressedOopsMode" value="Zero based"/>
    <property name="line.separator" value="&#10;"/>
    <property name="java.specification.name" value="Java Platform API Specification"/>
    <property name="java.vm.specification.vendor" value="Oracle Corporation"/>
    <property name="java.awt.graphicsenv" value="sun.awt.Win32GraphicsEnvironment"/>
    <property name="surefire.real.class.path" value="C:\Users\amrut\AppData\Local\Temp\surefire8766608914243577946\surefirebooter1339977601888341467.jar"/>
    <property name="user.script" value=""/>
    <property name="sun.management.compiler" value="HotSpot 64-Bit Tiered Compilers"/>
    <property name="java.runtime.version" value="11.0.2+9-LTS"/>
    <property name="user.name" value="amrut"/>
    <property name="path.separator" value=";"/>
    <property name="os.version" value="10.0"/>
    <property name="java.runtime.name" value="Java(TM) SE Runtime Environment"/>
    <property name="file.encoding" value="Cp1252"/>
    <property name="java.vm.name" value="Java HotSpot(TM) 64-Bit Server VM"/>
    <property name="java.vendor.version" value="18.9"/>
    <property name="localRepository" value="C:\Users\amrut\.m2\repository"/>
    <property name="java.vendor.url.bug" value="http://bugreport.java.com/bugreport/"/>
    <property name="java.io.tmpdir" value="C:\Users\amrut\AppData\Local\Temp\"/>
    <property name="java.version" value="11.0.2"/>
    <property name="user.dir" value="E:\amsworkspaces\ms-springboot-mongodb-userService"/>
    <property name="os.arch" value="amd64"/>
    <property name="java.vm.specification.name" value="Java Virtual Machine Specification"/>
    <property name="java.awt.printerjob" value="sun.awt.windows.WPrinterJob"/>
    <property name="sun.os.patch.level" value=""/>
    <property name="java.library.path" value="C:\Program Files\Java\jdk-11.0.2\bin;C:\WINDOWS\Sun\Java\bin;C:\WINDOWS\system32;C:\WINDOWS;C:/java/bin/server;C:/java/bin;C:/java/lib/amd64;C:\Program Files (x86)\Common Files\Oracle\Java\javapath;C:\ProgramData\Oracle\Java\javapath;C:\Program Files (x86)\iis express\PHP\v5.4;C:\Program Files\Java\jdk-11.0.2\bin;C:\Program Files\Java\jre6\bin;C:\Program Files (x86)\Intel\iCLS Client\;C:\Program Files\Intel\iCLS Client\;C:\WINDOWS\system32;C:\WINDOWS;C:\WINDOWS\System32\Wbem;C:\WINDOWS\System32\WindowsPowerShell\v1.0\;C:\Program Files (x86)\Intel\Intel(R) Management Engine Components\DAL;C:\Program Files\Intel\Intel(R) Management Engine Components\DAL;C:\Program Files (x86)\Intel\Intel(R) Management Engine Components\IPT;C:\Program Files\Intel\Intel(R) Management Engine Components\IPT;C:\maven3.3.9\bin;C:\Program Files (x86)\Skype\Phone\;C:\Program Files (x86)\MySQL\MySQL Fabric 1.5.4 &amp; MySQL Utilities 1.5.4 1.5\;C:\Program Files\Apache Software Foundation\Apache Tomcat 8.0.27\bin;C:\WINDOWS\system32;C:\WINDOWS;C:\WINDOWS\System32\Wbem;C:\WINDOWS\System32\WindowsPowerShell\v1.0\;C:\WINDOWS\System32\OpenSSH\;C:\Program Files (x86)\Tesseract-OCR;C:\Program Files\Intel\WiFi\bin\;C:\Program Files\Common Files\Intel\WirelessCommon\;C:\Program Files\nodejs\;C:\Go\bin;C:\Program Files\Java\jdk-11.0.2\bin;E:\BridgeLabz_20190123\openxava-6.0.2\tomcat\bin;C:\Users\amrut\AppData\Local\Microsoft\WindowsApps;C:\Users\amrut\AppData\Local\GitHubDesktop\bin;C:\Users\amrut\AppData\Local\atom\bin;C:\Users\amrut\AppData\Roaming\npm;C:\Users\amrut\AppData\Local\Programs\Microsoft VS Code\bin;C:\Users\amrut\AppData\Local\Microsoft\WindowsApps;C:\Users\amrut\go\bin;E:\sts-bundle\sts-3.9.8.RELEASE;;."/>
    <property name="java.vendor" value="Oracle Corporation"/>
    <property name="java.vm.info" value="mixed mode"/>
    <property name="java.vm.version" value="11.0.2+9-LTS"/>
    <property name="sun.io.unicode.encoding" value="UnicodeLittle"/>
    <property name="java.class.version" value="55.0"/>
  </properties>
  <testcase name="contextLoads" classname="com.ams.userapis.MsSpringbootMongodbUserServiceApplicationTests" time="0.606"/>
</testsuite>